# JRE version: OpenJDK Runtime Environment Temurin-17.0.4.1+1 (17.0.4.1+1) (build 17.0.4.1+1)
# Java VM: OpenJDK 64-Bit Server VM Temurin-17.0.4.1+1 (17.0.4.1+1, mixed mode, emulated-client, tiered, compressed oops, compressed class ptrs, g1 gc, windows-amd64)
GC Precious Log:
 CPUs: 4 total, 4 available
 Memory: 3470M
 Large Page Support: Disabled
 NUMA Support: Disabled
 Compressed Oops: Enabled (32-bit)
 Heap Region Size: 1M
 Heap Min Capacity: 8M
 Heap Initial Capacity: 56M
 Heap Max Capacity: 868M
 Pre-touch: Disabled
 Parallel Workers: 4
 Concurrent Workers: 1
 Concurrent Refinement Workers: 4
 Periodic GC: Disabled
Heap:
 garbage-first heap   total 157696K, used 46046K [0x00000000c9c00000, 0x0000000100000000)
  region size 1024K, 1 young (1024K), 0 survivors (0K)
 Metaspace       used 52545K, committed 52864K, reserved 1097728K
  class space    used 6948K, committed 7104K, reserved 1048576K
GC Heap History (20 events):
Event: 2100.091 GC heap before
{Heap before GC invocations=233 (full 181):
 garbage-first heap   total 157696K, used 45918K [0x00000000c9c00000, 0x0000000100000000)
  region size 1024K, 1 young (1024K), 0 survivors (0K)
 Metaspace       used 52340K, committed 52800K, reserved 1097728K
  class space    used 6912K, committed 7104K, reserved 1048576K
}
Event: 2100.130 GC heap after
{Heap after GC invocations=234 (full 182):
 garbage-first heap   total 157696K, used 45918K [0x00000000c9c00000, 0x0000000100000000)
  region size 1024K, 0 young (0K), 0 survivors (0K)
 Metaspace       used 52340K, committed 52800K, reserved 1097728K
  class space    used 6912K, committed 7104K, reserved 1048576K
}
Event: 2110.435 GC heap before
{Heap before GC invocations=234 (full 182):
 garbage-first heap   total 157696K, used 45918K [0x00000000c9c00000, 0x0000000100000000)
  region size 1024K, 1 young (1024K), 0 survivors (0K)
 Metaspace       used 52340K, committed 52800K, reserved 1097728K
  class space    used 6912K, committed 7104K, reserved 1048576K
}
Event: 2110.479 GC heap after
{Heap after GC invocations=235 (full 183):
 garbage-first heap   total 157696K, used 45918K [0x00000000c9c00000, 0x0000000100000000)
  region size 1024K, 0 young (0K), 0 survivors (0K)
 Metaspace       used 52340K, committed 52800K, reserved 1097728K
  class space    used 6912K, committed 7104K, reserved 1048576K
}
Event: 2226.105 GC heap before
{Heap before GC invocations=235 (full 183):
 garbage-first heap   total 157696K, used 50014K [0x00000000c9c00000, 0x0000000100000000)
  region size 1024K, 5 young (5120K), 0 survivors (0K)
 Metaspace       used 52540K, committed 52864K, reserved 1097728K
  class space    used 6948K, committed 7104K, reserved 1048576K
}
Event: 2226.452 GC heap after
{Heap after GC invocations=236 (full 184):
 garbage-first heap   total 157696K, used 46372K [0x00000000c9c00000, 0x0000000100000000)
  region size 1024K, 0 young (0K), 0 survivors (0K)
 Metaspace       used 52540K, committed 52864K, reserved 1097728K
  class space    used 6948K, committed 7104K, reserved 1048576K
}
Event: 2238.041 GC heap before
{Heap before GC invocations=236 (full 184):
 garbage-first heap   total 157696K, used 46372K [0x00000000c9c00000, 0x0000000100000000)
  region size 1024K, 1 young (1024K), 0 survivors (0K)
 Metaspace       used 52540K, committed 52864K, reserved 1097728K
  class space    used 6948K, committed 7104K, reserved 1048576K
}
Event: 2238.663 GC heap after
{Heap after GC invocations=237 (full 185):
 garbage-first heap   total 157696K, used 46042K [0x00000000c9c00000, 0x0000000100000000)
  region size 1024K, 0 young (0K), 0 survivors (0K)
 Metaspace       used 52535K, committed 52864K, reserved 1097728K
  class space    used 6946K, committed 7104K, reserved 1048576K
}
Event: 2248.885 GC heap before
{Heap before GC invocations=237 (full 185):
 garbage-first heap   total 157696K, used 46042K [0x00000000c9c00000, 0x0000000100000000)
  region size 1024K, 1 young (1024K), 0 survivors (0K)
 Metaspace       used 52535K, committed 52864K, reserved 1097728K
  class space    used 6946K, committed 7104K, reserved 1048576K
}
Event: 2248.933 GC heap after
{Heap after GC invocations=238 (full 186):
 garbage-first heap   total 157696K, used 46042K [0x00000000c9c00000, 0x0000000100000000)
  region size 1024K, 0 young (0K), 0 survivors (0K)
 Metaspace       used 52535K, committed 52864K, reserved 1097728K
  class space    used 6946K, committed 7104K, reserved 1048576K
}
Event: 2259.188 GC heap before
{Heap before GC invocations=238 (full 186):
 garbage-first heap   total 157696K, used 46042K [0x00000000c9c00000, 0x0000000100000000)
  region size 1024K, 1 young (1024K), 0 survivors (0K)
 Metaspace       used 52535K, committed 52864K, reserved 1097728K
  class space    used 6946K, committed 7104K, reserved 1048576K
}
Event: 2259.237 GC heap after
{Heap after GC invocations=239 (full 187):
 garbage-first heap   total 157696K, used 46042K [0x00000000c9c00000, 0x0000000100000000)
  region size 1024K, 0 young (0K), 0 survivors (0K)
 Metaspace       used 52535K, committed 52864K, reserved 1097728K
  class space    used 6946K, committed 7104K, reserved 1048576K
}
Event: 2269.585 GC heap before
{Heap before GC invocations=239 (full 187):
 garbage-first heap   total 157696K, used 46042K [0x00000000c9c00000, 0x0000000100000000)
  region size 1024K, 1 young (1024K), 0 survivors (0K)
 Metaspace       used 52535K, committed 52864K, reserved 1097728K
  class space    used 6946K, committed 7104K, reserved 1048576K
}
Event: 2269.633 GC heap after
{Heap after GC invocations=240 (full 188):
 garbage-first heap   total 157696K, used 46042K [0x00000000c9c00000, 0x0000000100000000)
  region size 1024K, 0 young (0K), 0 survivors (0K)
 Metaspace       used 52535K, committed 52864K, reserved 1097728K
  class space    used 6946K, committed 7104K, reserved 1048576K
}
Event: 2280.165 GC heap before
{Heap before GC invocations=240 (full 188):
 garbage-first heap   total 157696K, used 46042K [0x00000000c9c00000, 0x0000000100000000)
  region size 1024K, 1 young (1024K), 0 survivors (0K)
 Metaspace       used 52535K, committed 52864K, reserved 1097728K
  class space    used 6946K, committed 7104K, reserved 1048576K
}
Event: 2280.212 GC heap after
{Heap after GC invocations=241 (full 189):
 garbage-first heap   total 157696K, used 46042K [0x00000000c9c00000, 0x0000000100000000)
  region size 1024K, 0 young (0K), 0 survivors (0K)
 Metaspace       used 52535K, committed 52864K, reserved 1097728K
  class space    used 6946K, committed 7104K, reserved 1048576K
}
Event: 2292.848 GC heap before
{Heap before GC invocations=241 (full 189):
 garbage-first heap   total 157696K, used 46042K [0x00000000c9c00000, 0x0000000100000000)
  region size 1024K, 1 young (1024K), 0 survivors (0K)
 Metaspace       used 52535K, committed 52864K, reserved 1097728K
  class space    used 6946K, committed 7104K, reserved 1048576K
}
Event: 2292.897 GC heap after
{Heap after GC invocations=242 (full 190):
 garbage-first heap   total 157696K, used 46042K [0x00000000c9c00000, 0x0000000100000000)
  region size 1024K, 0 young (0K), 0 survivors (0K)
 Metaspace       used 52535K, committed 52864K, reserved 1097728K
  class space    used 6946K, committed 7104K, reserved 1048576K
}
Event: 2373.562 GC heap before
{Heap before GC invocations=242 (full 190):
 garbage-first heap   total 157696K, used 46042K [0x00000000c9c00000, 0x0000000100000000)
  region size 1024K, 1 young (1024K), 0 survivors (0K)
 Metaspace       used 52545K, committed 52864K, reserved 1097728K
  class space    used 6948K, committed 7104K, reserved 1048576K
}
Event: 2373.903 GC heap after
{Heap after GC invocations=243 (full 191):
 garbage-first heap   total 157696K, used 46046K [0x00000000c9c00000, 0x0000000100000000)
  region size 1024K, 0 young (0K), 0 survivors (0K)
 Metaspace       used 52545K, committed 52864K, reserved 1097728K
  class space    used 6948K, committed 7104K, reserved 1048576K
}

