# JRE version: OpenJDK Runtime Environment Temurin-17.0.4.1+1 (17.0.4.1+1) (build 17.0.4.1+1)
# Java VM: OpenJDK 64-Bit Server VM Temurin-17.0.4.1+1 (17.0.4.1+1, mixed mode, emulated-client, tiered, compressed oops, compressed class ptrs, g1 gc, windows-amd64)
GC Precious Log:
 CPUs: 4 total, 4 available
 Memory: 3470M
 Large Page Support: Disabled
 NUMA Support: Disabled
 Compressed Oops: Enabled (32-bit)
 Heap Region Size: 1M
 Heap Min Capacity: 8M
 Heap Initial Capacity: 56M
 Heap Max Capacity: 868M
 Pre-touch: Disabled
 Parallel Workers: 4
 Concurrent Workers: 1
 Concurrent Refinement Workers: 4
 Periodic GC: Disabled
Heap:
 garbage-first heap   total 432128K, used 210936K [0x00000000c9c00000, 0x0000000100000000)
  region size 1024K, 9 young (9216K), 9 survivors (9216K)
 Metaspace       used 45815K, committed 46144K, reserved 1089536K
  class space    used 5664K, committed 5824K, reserved 1048576K
GC Heap History (20 events):
Event: 22.186 GC heap after
{Heap after GC invocations=32 (full 0):
 garbage-first heap   total 320512K, used 158106K [0x00000000c9c00000, 0x0000000100000000)
  region size 1024K, 13 young (13312K), 13 survivors (13312K)
 Metaspace       used 42479K, committed 42816K, reserved 1089536K
  class space    used 5279K, committed 5440K, reserved 1048576K
}
Event: 23.524 GC heap before
{Heap before GC invocations=33 (full 0):
 garbage-first heap   total 384000K, used 262554K [0x00000000c9c00000, 0x0000000100000000)
  region size 1024K, 116 young (118784K), 13 survivors (13312K)
 Metaspace       used 42978K, committed 43328K, reserved 1089536K
  class space    used 5345K, committed 5504K, reserved 1048576K
}
Event: 23.559 GC heap after
{Heap after GC invocations=34 (full 0):
 garbage-first heap   total 384000K, used 163830K [0x00000000c9c00000, 0x0000000100000000)
  region size 1024K, 12 young (12288K), 12 survivors (12288K)
 Metaspace       used 42978K, committed 43328K, reserved 1089536K
  class space    used 5345K, committed 5504K, reserved 1048576K
}
Event: 23.667 GC heap before
{Heap before GC invocations=34 (full 0):
 garbage-first heap   total 384000K, used 168950K [0x00000000c9c00000, 0x0000000100000000)
  region size 1024K, 18 young (18432K), 12 survivors (12288K)
 Metaspace       used 42978K, committed 43328K, reserved 1089536K
  class space    used 5345K, committed 5504K, reserved 1048576K
}
Event: 23.693 GC heap after
{Heap after GC invocations=35 (full 0):
 garbage-first heap   total 384000K, used 161800K [0x00000000c9c00000, 0x0000000100000000)
  region size 1024K, 2 young (2048K), 2 survivors (2048K)
 Metaspace       used 42978K, committed 43328K, reserved 1089536K
  class space    used 5345K, committed 5504K, reserved 1048576K
}
Event: 25.032 GC heap before
{Heap before GC invocations=35 (full 0):
 garbage-first heap   total 384000K, used 318472K [0x00000000c9c00000, 0x0000000100000000)
  region size 1024K, 156 young (159744K), 2 survivors (2048K)
 Metaspace       used 43569K, committed 43968K, reserved 1089536K
  class space    used 5416K, committed 5632K, reserved 1048576K
}
Event: 25.042 GC heap after
{Heap after GC invocations=36 (full 0):
 garbage-first heap   total 384000K, used 168005K [0x00000000c9c00000, 0x0000000100000000)
  region size 1024K, 8 young (8192K), 8 survivors (8192K)
 Metaspace       used 43569K, committed 43968K, reserved 1089536K
  class space    used 5416K, committed 5632K, reserved 1048576K
}
Event: 25.902 GC heap before
{Heap before GC invocations=36 (full 0):
 garbage-first heap   total 384000K, used 320581K [0x00000000c9c00000, 0x0000000100000000)
  region size 1024K, 158 young (161792K), 8 survivors (8192K)
 Metaspace       used 44958K, committed 45312K, reserved 1089536K
  class space    used 5552K, committed 5760K, reserved 1048576K
}
Event: 25.926 GC heap after
{Heap after GC invocations=37 (full 0):
 garbage-first heap   total 384000K, used 175537K [0x00000000c9c00000, 0x0000000100000000)
  region size 1024K, 15 young (15360K), 15 survivors (15360K)
 Metaspace       used 44958K, committed 45312K, reserved 1089536K
  class space    used 5552K, committed 5760K, reserved 1048576K
}
Event: 26.848 GC heap before
{Heap before GC invocations=37 (full 0):
 garbage-first heap   total 384000K, used 322993K [0x00000000c9c00000, 0x0000000100000000)
  region size 1024K, 160 young (163840K), 15 survivors (15360K)
 Metaspace       used 45370K, committed 45760K, reserved 1089536K
  class space    used 5606K, committed 5760K, reserved 1048576K
}
Event: 26.928 GC heap after
{Heap after GC invocations=38 (full 0):
 garbage-first heap   total 384000K, used 184069K [0x00000000c9c00000, 0x0000000100000000)
  region size 1024K, 16 young (16384K), 16 survivors (16384K)
 Metaspace       used 45370K, committed 45760K, reserved 1089536K
  class space    used 5606K, committed 5760K, reserved 1048576K
}
Event: 27.912 GC heap before
{Heap before GC invocations=38 (full 0):
 garbage-first heap   total 384000K, used 324357K [0x00000000c9c00000, 0x0000000100000000)
  region size 1024K, 154 young (157696K), 16 survivors (16384K)
 Metaspace       used 45570K, committed 45952K, reserved 1089536K
  class space    used 5626K, committed 5824K, reserved 1048576K
}
Event: 27.955 GC heap after
{Heap after GC invocations=39 (full 0):
 garbage-first heap   total 384000K, used 191491K [0x00000000c9c00000, 0x0000000100000000)
  region size 1024K, 16 young (16384K), 16 survivors (16384K)
 Metaspace       used 45570K, committed 45952K, reserved 1089536K
  class space    used 5626K, committed 5824K, reserved 1048576K
}
Event: 28.832 GC heap before
{Heap before GC invocations=39 (full 0):
 garbage-first heap   total 384000K, used 324611K [0x00000000c9c00000, 0x0000000100000000)
  region size 1024K, 147 young (150528K), 16 survivors (16384K)
 Metaspace       used 45815K, committed 46144K, reserved 1089536K
  class space    used 5664K, committed 5824K, reserved 1048576K
}
Event: 28.935 GC heap after
{Heap after GC invocations=40 (full 0):
 garbage-first heap   total 384000K, used 197772K [0x00000000c9c00000, 0x0000000100000000)
  region size 1024K, 14 young (14336K), 14 survivors (14336K)
 Metaspace       used 45815K, committed 46144K, reserved 1089536K
  class space    used 5664K, committed 5824K, reserved 1048576K
}
Event: 31.067 GC heap before
{Heap before GC invocations=41 (full 0):
 garbage-first heap   total 432128K, used 320652K [0x00000000c9c00000, 0x0000000100000000)
  region size 1024K, 135 young (138240K), 14 survivors (14336K)
 Metaspace       used 45815K, committed 46144K, reserved 1089536K
  class space    used 5664K, committed 5824K, reserved 1048576K
}
Event: 31.101 GC heap after
{Heap after GC invocations=42 (full 0):
 garbage-first heap   total 432128K, used 205788K [0x00000000c9c00000, 0x0000000100000000)
  region size 1024K, 14 young (14336K), 14 survivors (14336K)
 Metaspace       used 45815K, committed 46144K, reserved 1089536K
  class space    used 5664K, committed 5824K, reserved 1048576K
}
Event: 31.128 GC heap before
{Heap before GC invocations=42 (full 0):
 garbage-first heap   total 432128K, used 211932K [0x00000000c9c00000, 0x0000000100000000)
  region size 1024K, 21 young (21504K), 14 survivors (14336K)
 Metaspace       used 45815K, committed 46144K, reserved 1089536K
  class space    used 5664K, committed 5824K, reserved 1048576K
}
Event: 31.161 GC heap after
{Heap after GC invocations=43 (full 0):
 garbage-first heap   total 432128K, used 204083K [0x00000000c9c00000, 0x0000000100000000)
  region size 1024K, 2 young (2048K), 2 survivors (2048K)
 Metaspace       used 45815K, committed 46144K, reserved 1089536K
  class space    used 5664K, committed 5824K, reserved 1048576K
}
Event: 32.431 GC heap before
{Heap before GC invocations=43 (full 0):
 garbage-first heap   total 432128K, used 362803K [0x00000000c9c00000, 0x0000000100000000)
  region size 1024K, 158 young (161792K), 2 survivors (2048K)
 Metaspace       used 45815K, committed 46144K, reserved 1089536K
  class space    used 5664K, committed 5824K, reserved 1048576K
}

