# JRE version: Java(TM) SE Runtime Environment (8.0_202-b08) (build 1.8.0_202-b08)
# Java VM: Java HotSpot(TM) 64-Bit Server VM (25.202-b08 mixed mode windows-amd64 compressed oops)
Heap:
 PSYoungGen      total 125952K, used 66115K [0x00000000edf00000, 0x00000000f6c00000, 0x0000000100000000)
  eden space 115200K, 57% used [0x00000000edf00000,0x00000000f1f90eb0,0x00000000f4f80000)
  from space 10752K, 0% used [0x00000000f5c80000,0x00000000f5c80000,0x00000000f6700000)
  to   space 13312K, 0% used [0x00000000f4f80000,0x00000000f4f80000,0x00000000f5c80000)
 ParOldGen       total 54272K, used 21799K [0x00000000c9c00000, 0x00000000cd100000, 0x00000000edf00000)
  object space 54272K, 40% used [0x00000000c9c00000,0x00000000cb149d10,0x00000000cd100000)
 Metaspace       used 23220K, capacity 23816K, committed 23936K, reserved 1071104K
  class space    used 2705K, capacity 2890K, committed 2944K, reserved 1048576K
GC Heap History (10 events):
Event: 4.276 GC heap before
{Heap before GC invocations=5 (full 0):
 PSYoungGen      total 31744K, used 31712K [0x00000000edf00000, 0x00000000f0000000, 0x0000000100000000)
  eden space 29696K, 100% used [0x00000000edf00000,0x00000000efc00000,0x00000000efc00000)
  from space 2048K, 98% used [0x00000000efe00000,0x00000000efff8020,0x00000000f0000000)
  to   space 2048K, 0% used [0x00000000efc00000,0x00000000efc00000,0x00000000efe00000)
 ParOldGen       total 38400K, used 6687K [0x00000000c9c00000, 0x00000000cc180000, 0x00000000edf00000)
  object space 38400K, 17% used [0x00000000c9c00000,0x00000000ca287e48,0x00000000cc180000)
 Metaspace       used 14766K, capacity 14972K, committed 15232K, reserved 1062912K
  class space    used 1811K, capacity 1906K, committed 1920K, reserved 1048576K
Event: 4.292 GC heap after
Heap after GC invocations=5 (full 0):
 PSYoungGen      total 31744K, used 2032K [0x00000000edf00000, 0x00000000f2700000, 0x0000000100000000)
  eden space 29696K, 0% used [0x00000000edf00000,0x00000000edf00000,0x00000000efc00000)
  from space 2048K, 99% used [0x00000000efc00000,0x00000000efdfc030,0x00000000efe00000)
  to   space 7168K, 0% used [0x00000000f2000000,0x00000000f2000000,0x00000000f2700000)
 ParOldGen       total 38400K, used 11642K [0x00000000c9c00000, 0x00000000cc180000, 0x00000000edf00000)
  object space 38400K, 30% used [0x00000000c9c00000,0x00000000ca75e880,0x00000000cc180000)
 Metaspace       used 14766K, capacity 14972K, committed 15232K, reserved 1062912K
  class space    used 1811K, capacity 1906K, committed 1920K, reserved 1048576K
}
Event: 5.198 GC heap before
{Heap before GC invocations=6 (full 0):
 PSYoungGen      total 31744K, used 31728K [0x00000000edf00000, 0x00000000f2700000, 0x0000000100000000)
  eden space 29696K, 100% used [0x00000000edf00000,0x00000000efc00000,0x00000000efc00000)
  from space 2048K, 99% used [0x00000000efc00000,0x00000000efdfc030,0x00000000efe00000)
  to   space 7168K, 0% used [0x00000000f2000000,0x00000000f2000000,0x00000000f2700000)
 ParOldGen       total 38400K, used 11642K [0x00000000c9c00000, 0x00000000cc180000, 0x00000000edf00000)
  object space 38400K, 30% used [0x00000000c9c00000,0x00000000ca75e880,0x00000000cc180000)
 Metaspace       used 15340K, capacity 15528K, committed 15872K, reserved 1062912K
  class space    used 1851K, capacity 1940K, committed 2048K, reserved 1048576K
Event: 5.215 GC heap after
Heap after GC invocations=6 (full 0):
 PSYoungGen      total 66048K, used 6482K [0x00000000edf00000, 0x00000000f2800000, 0x0000000100000000)
  eden space 58880K, 0% used [0x00000000edf00000,0x00000000edf00000,0x00000000f1880000)
  from space 7168K, 90% used [0x00000000f2000000,0x00000000f2654a48,0x00000000f2700000)
  to   space 7680K, 0% used [0x00000000f1880000,0x00000000f1880000,0x00000000f2000000)
 ParOldGen       total 38400K, used 11650K [0x00000000c9c00000, 0x00000000cc180000, 0x00000000edf00000)
  object space 38400K, 30% used [0x00000000c9c00000,0x00000000ca760880,0x00000000cc180000)
 Metaspace       used 15340K, capacity 15528K, committed 15872K, reserved 1062912K
  class space    used 1851K, capacity 1940K, committed 2048K, reserved 1048576K
}
Event: 6.580 GC heap before
{Heap before GC invocations=7 (full 0):
 PSYoungGen      total 66048K, used 65362K [0x00000000edf00000, 0x00000000f2800000, 0x0000000100000000)
  eden space 58880K, 100% used [0x00000000edf00000,0x00000000f1880000,0x00000000f1880000)
  from space 7168K, 90% used [0x00000000f2000000,0x00000000f2654a48,0x00000000f2700000)
  to   space 7680K, 0% used [0x00000000f1880000,0x00000000f1880000,0x00000000f2000000)
 ParOldGen       total 38400K, used 11650K [0x00000000c9c00000, 0x00000000cc180000, 0x00000000edf00000)
  object space 38400K, 30% used [0x00000000c9c00000,0x00000000ca760880,0x00000000cc180000)
 Metaspace       used 15863K, capacity 16132K, committed 16384K, reserved 1062912K
  class space    used 1858K, capacity 1982K, committed 2048K, reserved 1048576K
Event: 6.604 GC heap after
Heap after GC invocations=7 (full 0):
 PSYoungGen      total 66560K, used 7664K [0x00000000edf00000, 0x00000000f6700000, 0x0000000100000000)
  eden space 58880K, 0% used [0x00000000edf00000,0x00000000edf00000,0x00000000f1880000)
  from space 7680K, 99% used [0x00000000f1880000,0x00000000f1ffc010,0x00000000f2000000)
  to   space 10752K, 0% used [0x00000000f5c80000,0x00000000f5c80000,0x00000000f6700000)
 ParOldGen       total 38400K, used 15359K [0x00000000c9c00000, 0x00000000cc180000, 0x00000000edf00000)
  object space 38400K, 39% used [0x00000000c9c00000,0x00000000caaffec8,0x00000000cc180000)
 Metaspace       used 15863K, capacity 16132K, committed 16384K, reserved 1062912K
  class space    used 1858K, capacity 1982K, committed 2048K, reserved 1048576K
}
Event: 14.060 GC heap before
{Heap before GC invocations=8 (full 0):
 PSYoungGen      total 66560K, used 52615K [0x00000000edf00000, 0x00000000f6700000, 0x0000000100000000)
  eden space 58880K, 76% used [0x00000000edf00000,0x00000000f0ae5f18,0x00000000f1880000)
  from space 7680K, 99% used [0x00000000f1880000,0x00000000f1ffc010,0x00000000f2000000)
  to   space 10752K, 0% used [0x00000000f5c80000,0x00000000f5c80000,0x00000000f6700000)
 ParOldGen       total 38400K, used 15359K [0x00000000c9c00000, 0x00000000cc180000, 0x00000000edf00000)
  object space 38400K, 39% used [0x00000000c9c00000,0x00000000caaffec8,0x00000000cc180000)
 Metaspace       used 20782K, capacity 21114K, committed 21296K, reserved 1069056K
  class space    used 2451K, capacity 2613K, committed 2688K, reserved 1048576K
Event: 14.107 GC heap after
Heap after GC invocations=8 (full 0):
 PSYoungGen      total 125952K, used 10736K [0x00000000edf00000, 0x00000000f6c00000, 0x0000000100000000)
  eden space 115200K, 0% used [0x00000000edf00000,0x00000000edf00000,0x00000000f4f80000)
  from space 10752K, 99% used [0x00000000f5c80000,0x00000000f66fc020,0x00000000f6700000)
  to   space 13312K, 0% used [0x00000000f4f80000,0x00000000f4f80000,0x00000000f5c80000)
 ParOldGen       total 38400K, used 17740K [0x00000000c9c00000, 0x00000000cc180000, 0x00000000edf00000)
  object space 38400K, 46% used [0x00000000c9c00000,0x00000000cad53210,0x00000000cc180000)
 Metaspace       used 20782K, capacity 21114K, committed 21296K, reserved 1069056K
  class space    used 2451K, capacity 2613K, committed 2688K, reserved 1048576K
}
Event: 14.107 GC heap before
{Heap before GC invocations=9 (full 1):
 PSYoungGen      total 125952K, used 10736K [0x00000000edf00000, 0x00000000f6c00000, 0x0000000100000000)
  eden space 115200K, 0% used [0x00000000edf00000,0x00000000edf00000,0x00000000f4f80000)
  from space 10752K, 99% used [0x00000000f5c80000,0x00000000f66fc020,0x00000000f6700000)
  to   space 13312K, 0% used [0x00000000f4f80000,0x00000000f4f80000,0x00000000f5c80000)
 ParOldGen       total 38400K, used 17740K [0x00000000c9c00000, 0x00000000cc180000, 0x00000000edf00000)
  object space 38400K, 46% used [0x00000000c9c00000,0x00000000cad53210,0x00000000cc180000)
 Metaspace       used 20782K, capacity 21114K, committed 21296K, reserved 1069056K
  class space    used 2451K, capacity 2613K, committed 2688K, reserved 1048576K
Event: 14.896 GC heap after
Heap after GC invocations=9 (full 1):
 PSYoungGen      total 125952K, used 0K [0x00000000edf00000, 0x00000000f6c00000, 0x0000000100000000)
  eden space 115200K, 0% used [0x00000000edf00000,0x00000000edf00000,0x00000000f4f80000)
  from space 10752K, 0% used [0x00000000f5c80000,0x00000000f5c80000,0x00000000f6700000)
  to   space 13312K, 0% used [0x00000000f4f80000,0x00000000f4f80000,0x00000000f5c80000)
 ParOldGen       total 54272K, used 21799K [0x00000000c9c00000, 0x00000000cd100000, 0x00000000edf00000)
  object space 54272K, 40% used [0x00000000c9c00000,0x00000000cb149d10,0x00000000cd100000)
 Metaspace       used 20782K, capacity 21114K, committed 21296K, reserved 1069056K
  class space    used 2451K, capacity 2613K, committed 2688K, reserved 1048576K
}

